--------------------------------------------------------------------------------
Release 14.7 Trace  (lin64)
Copyright (c) 1995-2013 Xilinx, Inc.  All rights reserved.

/opt/Xilinx/14.7/ISE_DS/ISE/bin/lin64/unwrapped/trce -intstyle ise -v 3 -s 4 -n
3 -fastpaths -xml Nreg_external_clock.twx Nreg_external_clock.ncd -o
Nreg_external_clock.twr Nreg_external_clock.pcf -ucf ports.ucf

Design file:              Nreg_external_clock.ncd
Physical constraint file: Nreg_external_clock.pcf
Device,package,speed:     xc3s500e,fg320,-4 (PRODUCTION 1.27 2013-10-13)
Report level:             verbose report

Environment Variable      Effect 
--------------------      ------ 
NONE                      No environment variables were set
--------------------------------------------------------------------------------

INFO:Timing:3412 - To improve timing, see the Timing Closure User Guide (UG612).
INFO:Timing:2752 - To get complete path coverage, use the unconstrained paths 
   option. All paths that are not constrained will be reported in the 
   unconstrained paths section(s) of the report.
INFO:Timing:3339 - The clock-to-out numbers in this timing report are based on 
   a 50 Ohm transmission line loading model.  For the details of this model, 
   and for more information on accounting for different loading conditions, 
   please see the device datasheet.
INFO:Timing:3390 - This architecture does not support a default System Jitter 
   value, please add SYSTEM_JITTER constraint to the UCF to modify the Clock 
   Uncertainty calculation.
INFO:Timing:3389 - This architecture does not support 'Discrete Jitter' and 
   'Phase Error' calculations, these terms will be zero in the Clock 
   Uncertainty calculation.  Please make appropriate modification to 
   SYSTEM_JITTER to account for the unsupported Discrete Jitter and Phase 
   Error.

================================================================================
Timing constraint: TS_clk = PERIOD TIMEGRP "clk" 10 ns HIGH 50%;
For more information, see Period Analysis in the Timing Closure User Guide (UG612).

 7 paths analyzed, 7 endpoints analyzed, 0 failing endpoints
 0 timing errors detected. (0 setup errors, 0 hold errors, 0 component switching limit errors)
 Minimum period is   5.882ns.
--------------------------------------------------------------------------------

Paths for end point genblock[255].ri/Mshreg_out_4/SRLC16E (SLICE_X52Y59.BY), 1 path
--------------------------------------------------------------------------------
Slack (setup path):     4.118ns (requirement - (data path - clock path skew + uncertainty))
  Source:               genblock[255].ri/Mshreg_out_3/SRLC16E (FF)
  Destination:          genblock[255].ri/Mshreg_out_4/SRLC16E (FF)
  Requirement:          10.000ns
  Data Path Delay:      5.844ns (Levels of Logic = 1)
  Clock Path Skew:      -0.038ns (0.086 - 0.124)
  Source Clock:         raw_clk_OBUF rising at 0.000ns
  Destination Clock:    raw_clk_OBUF rising at 10.000ns
  Clock Uncertainty:    0.000ns

  Maximum Data Path: genblock[255].ri/Mshreg_out_3/SRLC16E to genblock[255].ri/Mshreg_out_4/SRLC16E
    Location             Delay type         Delay(ns)  Physical Resource
                                                       Logical Resource(s)
    -------------------------------------------------  -------------------
    SLICE_X64Y30.XB      Tregxb                3.583   genblock[255].ri/Mshreg_out_3
                                                       genblock[255].ri/Mshreg_out_3/SRLC16E.CE
                                                       genblock[255].ri/Mshreg_out_3/SRLC16E
    SLICE_X52Y59.BY      net (fanout=1)        1.819   genblock[255].ri/Mshreg_out_3
    SLICE_X52Y59.CLK     Tds                   0.442   genblock[255].ri/Mshreg_out_5
                                                       genblock[255].ri/Mshreg_out_4/SRLC16E
    -------------------------------------------------  ---------------------------
    Total                                      5.844ns (4.025ns logic, 1.819ns route)
                                                       (68.9% logic, 31.1% route)

--------------------------------------------------------------------------------

Paths for end point genblock[255].ri/Mshreg_out_12/SRLC16E (SLICE_X54Y59.BY), 1 path
--------------------------------------------------------------------------------
Slack (setup path):     4.977ns (requirement - (data path - clock path skew + uncertainty))
  Source:               genblock[255].ri/Mshreg_out_11/SRLC16E (FF)
  Destination:          genblock[255].ri/Mshreg_out_12/SRLC16E (FF)
  Requirement:          10.000ns
  Data Path Delay:      5.023ns (Levels of Logic = 1)
  Clock Path Skew:      0.000ns
  Source Clock:         raw_clk_OBUF rising at 0.000ns
  Destination Clock:    raw_clk_OBUF rising at 10.000ns
  Clock Uncertainty:    0.000ns

  Maximum Data Path: genblock[255].ri/Mshreg_out_11/SRLC16E to genblock[255].ri/Mshreg_out_12/SRLC16E
    Location             Delay type         Delay(ns)  Physical Resource
                                                       Logical Resource(s)
    -------------------------------------------------  -------------------
    SLICE_X50Y58.XB      Tregxb                3.583   genblock[255].ri/Mshreg_out_11
                                                       genblock[255].ri/Mshreg_out_11/SRLC16E.CE
                                                       genblock[255].ri/Mshreg_out_11/SRLC16E
    SLICE_X54Y59.BY      net (fanout=1)        0.998   genblock[255].ri/Mshreg_out_11
    SLICE_X54Y59.CLK     Tds                   0.442   genblock[255].ri/Mshreg_out_13
                                                       genblock[255].ri/Mshreg_out_12/SRLC16E
    -------------------------------------------------  ---------------------------
    Total                                      5.023ns (4.025ns logic, 0.998ns route)
                                                       (80.1% logic, 19.9% route)

--------------------------------------------------------------------------------

Paths for end point genblock[255].ri/Mshreg_out_8/SRLC16E (SLICE_X50Y59.BY), 1 path
--------------------------------------------------------------------------------
Slack (setup path):     5.490ns (requirement - (data path - clock path skew + uncertainty))
  Source:               genblock[255].ri/Mshreg_out_7/SRLC16E (FF)
  Destination:          genblock[255].ri/Mshreg_out_8/SRLC16E (FF)
  Requirement:          10.000ns
  Data Path Delay:      4.503ns (Levels of Logic = 1)
  Clock Path Skew:      -0.007ns (0.011 - 0.018)
  Source Clock:         raw_clk_OBUF rising at 0.000ns
  Destination Clock:    raw_clk_OBUF rising at 10.000ns
  Clock Uncertainty:    0.000ns

  Maximum Data Path: genblock[255].ri/Mshreg_out_7/SRLC16E to genblock[255].ri/Mshreg_out_8/SRLC16E
    Location             Delay type         Delay(ns)  Physical Resource
                                                       Logical Resource(s)
    -------------------------------------------------  -------------------
    SLICE_X52Y58.XB      Tregxb                3.583   genblock[255].ri/Mshreg_out_7
                                                       genblock[255].ri/Mshreg_out_7/SRLC16E.CE
                                                       genblock[255].ri/Mshreg_out_7/SRLC16E
    SLICE_X50Y59.BY      net (fanout=1)        0.478   genblock[255].ri/Mshreg_out_7
    SLICE_X50Y59.CLK     Tds                   0.442   genblock[255].ri/Mshreg_out_9
                                                       genblock[255].ri/Mshreg_out_8/SRLC16E
    -------------------------------------------------  ---------------------------
    Total                                      4.503ns (4.025ns logic, 0.478ns route)
                                                       (89.4% logic, 10.6% route)

--------------------------------------------------------------------------------

Hold Paths: TS_clk = PERIOD TIMEGRP "clk" 10 ns HIGH 50%;
--------------------------------------------------------------------------------

Paths for end point genblock[255].ri/Mshreg_out_2/SRLC16E (SLICE_X64Y30.SHIFTIN), 1 path
--------------------------------------------------------------------------------
Slack (hold path):      2.264ns (requirement - (clock path skew + uncertainty - data path))
  Source:               genblock[255].ri/Mshreg_out_1/SRLC16E (FF)
  Destination:          genblock[255].ri/Mshreg_out_2/SRLC16E (FF)
  Requirement:          0.000ns
  Data Path Delay:      2.264ns (Levels of Logic = 1)
  Clock Path Skew:      0.000ns
  Source Clock:         raw_clk_OBUF rising at 10.000ns
  Destination Clock:    raw_clk_OBUF rising at 10.000ns
  Clock Uncertainty:    0.000ns

  Minimum Data Path: genblock[255].ri/Mshreg_out_1/SRLC16E to genblock[255].ri/Mshreg_out_2/SRLC16E
    Location             Delay type         Delay(ns)  Physical Resource
                                                       Logical Resource(s)
    -------------------------------------------------  -------------------
    SLICE_X64Y31.SHIFTOUTTcksh                 2.610   genblock[255].ri/Mshreg_out_1
                                                       genblock[255].ri/Mshreg_out_1/SRLC16E.CE
                                                       genblock[255].ri/Mshreg_out_1/SRLC16E
    SLICE_X64Y30.SHIFTIN net (fanout=1)        0.000   genblock[255].ri/Mshreg_out_1
    SLICE_X64Y30.CLK                 (-Th)     0.346   genblock[255].ri/Mshreg_out_3
                                                       genblock[255].ri/Mshreg_out_2/SRLC16E
    -------------------------------------------------  ---------------------------
    Total                                      2.264ns (2.264ns logic, 0.000ns route)
                                                       (100.0% logic, 0.0% route)

--------------------------------------------------------------------------------

Paths for end point genblock[255].ri/Mshreg_out_6/SRLC16E (SLICE_X52Y58.SHIFTIN), 1 path
--------------------------------------------------------------------------------
Slack (hold path):      2.264ns (requirement - (clock path skew + uncertainty - data path))
  Source:               genblock[255].ri/Mshreg_out_5/SRLC16E (FF)
  Destination:          genblock[255].ri/Mshreg_out_6/SRLC16E (FF)
  Requirement:          0.000ns
  Data Path Delay:      2.264ns (Levels of Logic = 1)
  Clock Path Skew:      0.000ns
  Source Clock:         raw_clk_OBUF rising at 10.000ns
  Destination Clock:    raw_clk_OBUF rising at 10.000ns
  Clock Uncertainty:    0.000ns

  Minimum Data Path: genblock[255].ri/Mshreg_out_5/SRLC16E to genblock[255].ri/Mshreg_out_6/SRLC16E
    Location             Delay type         Delay(ns)  Physical Resource
                                                       Logical Resource(s)
    -------------------------------------------------  -------------------
    SLICE_X52Y59.SHIFTOUTTcksh                 2.610   genblock[255].ri/Mshreg_out_5
                                                       genblock[255].ri/Mshreg_out_5/SRLC16E.CE
                                                       genblock[255].ri/Mshreg_out_5/SRLC16E
    SLICE_X52Y58.SHIFTIN net (fanout=1)        0.000   genblock[255].ri/Mshreg_out_5
    SLICE_X52Y58.CLK                 (-Th)     0.346   genblock[255].ri/Mshreg_out_7
                                                       genblock[255].ri/Mshreg_out_6/SRLC16E
    -------------------------------------------------  ---------------------------
    Total                                      2.264ns (2.264ns logic, 0.000ns route)
                                                       (100.0% logic, 0.0% route)

--------------------------------------------------------------------------------

Paths for end point genblock[255].ri/Mshreg_out_10/SRLC16E (SLICE_X50Y58.SHIFTIN), 1 path
--------------------------------------------------------------------------------
Slack (hold path):      2.264ns (requirement - (clock path skew + uncertainty - data path))
  Source:               genblock[255].ri/Mshreg_out_9/SRLC16E (FF)
  Destination:          genblock[255].ri/Mshreg_out_10/SRLC16E (FF)
  Requirement:          0.000ns
  Data Path Delay:      2.264ns (Levels of Logic = 1)
  Clock Path Skew:      0.000ns
  Source Clock:         raw_clk_OBUF rising at 10.000ns
  Destination Clock:    raw_clk_OBUF rising at 10.000ns
  Clock Uncertainty:    0.000ns

  Minimum Data Path: genblock[255].ri/Mshreg_out_9/SRLC16E to genblock[255].ri/Mshreg_out_10/SRLC16E
    Location             Delay type         Delay(ns)  Physical Resource
                                                       Logical Resource(s)
    -------------------------------------------------  -------------------
    SLICE_X50Y59.SHIFTOUTTcksh                 2.610   genblock[255].ri/Mshreg_out_9
                                                       genblock[255].ri/Mshreg_out_9/SRLC16E.CE
                                                       genblock[255].ri/Mshreg_out_9/SRLC16E
    SLICE_X50Y58.SHIFTIN net (fanout=1)        0.000   genblock[255].ri/Mshreg_out_9
    SLICE_X50Y58.CLK                 (-Th)     0.346   genblock[255].ri/Mshreg_out_11
                                                       genblock[255].ri/Mshreg_out_10/SRLC16E
    -------------------------------------------------  ---------------------------
    Total                                      2.264ns (2.264ns logic, 0.000ns route)
                                                       (100.0% logic, 0.0% route)

--------------------------------------------------------------------------------

Component Switching Limit Checks: TS_clk = PERIOD TIMEGRP "clk" 10 ns HIGH 50%;
--------------------------------------------------------------------------------
Slack: 7.986ns (period - (min low pulse limit / (low pulse / period)))
  Period: 10.000ns
  Low pulse: 5.000ns
  Low pulse limit: 1.007ns (Twpl)
  Physical resource: genblock[255].ri/Mshreg_out_3/CLK
  Logical resource: genblock[255].ri/Mshreg_out_3/SRLC16E/WS
  Location pin: SLICE_X64Y30.CLK
  Clock network: raw_clk_OBUF
--------------------------------------------------------------------------------
Slack: 7.986ns (period - (min high pulse limit / (high pulse / period)))
  Period: 10.000ns
  High pulse: 5.000ns
  High pulse limit: 1.007ns (Twph)
  Physical resource: genblock[255].ri/Mshreg_out_3/CLK
  Logical resource: genblock[255].ri/Mshreg_out_3/SRLC16E/WS
  Location pin: SLICE_X64Y30.CLK
  Clock network: raw_clk_OBUF
--------------------------------------------------------------------------------
Slack: 7.986ns (period - min period limit)
  Period: 10.000ns
  Min period limit: 2.014ns (496.524MHz) (Tcp)
  Physical resource: genblock[255].ri/Mshreg_out_3/CLK
  Logical resource: genblock[255].ri/Mshreg_out_3/SRLC16E/WS
  Location pin: SLICE_X64Y30.CLK
  Clock network: raw_clk_OBUF
--------------------------------------------------------------------------------

================================================================================
Timing constraint: COMP "in" OFFSET = IN 10 ns VALID 10 ns BEFORE COMP "clk" 
"RISING";
For more information, see Offset In Analysis in the Timing Closure User Guide (UG612).

 1 path analyzed, 1 endpoint analyzed, 0 failing endpoints
 0 timing errors detected. (0 setup errors, 0 hold errors)
 Minimum allowable offset is   6.631ns.
--------------------------------------------------------------------------------

Paths for end point genblock[255].ri/Mshreg_out_0/SRLC16E (SLICE_X64Y31.BY), 1 path
--------------------------------------------------------------------------------
Slack (setup path):     3.369ns (requirement - (data path - clock path - clock arrival + uncertainty))
  Source:               in (PAD)
  Destination:          genblock[255].ri/Mshreg_out_0/SRLC16E (FF)
  Destination Clock:    raw_clk_OBUF rising at 0.000ns
  Requirement:          10.000ns
  Data Path Delay:      9.015ns (Levels of Logic = 2)
  Clock Path Delay:     2.384ns (Levels of Logic = 2)
  Clock Uncertainty:    0.000ns

  Maximum Data Path: in to genblock[255].ri/Mshreg_out_0/SRLC16E
    Location             Delay type         Delay(ns)  Physical Resource
                                                       Logical Resource(s)
    -------------------------------------------------  -------------------
    L15.I                Tiopi                 1.300   in
                                                       in
                                                       in_IBUF
    SLICE_X64Y31.BY      net (fanout=1)        7.273   in_IBUF
    SLICE_X64Y31.CLK     Tds                   0.442   genblock[255].ri/Mshreg_out_1
                                                       genblock[255].ri/Mshreg_out_0/SRLC16E
    -------------------------------------------------  ---------------------------
    Total                                      9.015ns (1.742ns logic, 7.273ns route)
                                                       (19.3% logic, 80.7% route)

  Minimum Clock Path: clk to genblock[255].ri/Mshreg_out_0/SRLC16E
    Location             Delay type         Delay(ns)  Physical Resource
                                                       Logical Resource(s)
    -------------------------------------------------  -------------------
    B8.I                 Tiopi                 1.040   clk
                                                       clk
                                                       clk_IBUF
    BUFGMUX_X2Y11.I0     net (fanout=2)        0.036   raw_clk_OBUF1
    BUFGMUX_X2Y11.O      Tgi0o                 1.166   raw_clk_OBUF_BUFG
                                                       raw_clk_OBUF_BUFG.GCLKMUX
                                                       raw_clk_OBUF_BUFG
    SLICE_X64Y31.CLK     net (fanout=8)        0.142   raw_clk_OBUF
    -------------------------------------------------  ---------------------------
    Total                                      2.384ns (2.206ns logic, 0.178ns route)
                                                       (92.5% logic, 7.5% route)

--------------------------------------------------------------------------------

Hold Paths: COMP "in" OFFSET = IN 10 ns VALID 10 ns BEFORE COMP "clk" "RISING";
--------------------------------------------------------------------------------

Paths for end point genblock[255].ri/Mshreg_out_0/SRLC16E (SLICE_X64Y31.BY), 1 path
--------------------------------------------------------------------------------
Slack (hold path):      3.761ns (requirement - (clock path + clock arrival + uncertainty - data path))
  Source:               in (PAD)
  Destination:          genblock[255].ri/Mshreg_out_0/SRLC16E (FF)
  Destination Clock:    raw_clk_OBUF rising at 0.000ns
  Requirement:          0.000ns
  Data Path Delay:      6.731ns (Levels of Logic = 2)
  Clock Path Delay:     2.970ns (Levels of Logic = 2)
  Clock Uncertainty:    0.000ns

  Minimum Data Path: in to genblock[255].ri/Mshreg_out_0/SRLC16E
    Location             Delay type         Delay(ns)  Physical Resource
                                                       Logical Resource(s)
    -------------------------------------------------  -------------------
    L15.I                Tiopi                 1.040   in
                                                       in
                                                       in_IBUF
    SLICE_X64Y31.BY      net (fanout=1)        5.818   in_IBUF
    SLICE_X64Y31.CLK     Tdh         (-Th)     0.127   genblock[255].ri/Mshreg_out_1
                                                       genblock[255].ri/Mshreg_out_0/SRLC16E
    -------------------------------------------------  ---------------------------
    Total                                      6.731ns (0.913ns logic, 5.818ns route)
                                                       (13.6% logic, 86.4% route)

  Maximum Clock Path: clk to genblock[255].ri/Mshreg_out_0/SRLC16E
    Location             Delay type         Delay(ns)  Physical Resource
                                                       Logical Resource(s)
    -------------------------------------------------  -------------------
    B8.I                 Tiopi                 1.300   clk
                                                       clk
                                                       clk_IBUF
    BUFGMUX_X2Y11.I0     net (fanout=2)        0.046   raw_clk_OBUF1
    BUFGMUX_X2Y11.O      Tgi0o                 1.457   raw_clk_OBUF_BUFG
                                                       raw_clk_OBUF_BUFG.GCLKMUX
                                                       raw_clk_OBUF_BUFG
    SLICE_X64Y31.CLK     net (fanout=8)        0.167   raw_clk_OBUF
    -------------------------------------------------  ---------------------------
    Total                                      2.970ns (2.757ns logic, 0.213ns route)
                                                       (92.8% logic, 7.2% route)

--------------------------------------------------------------------------------

================================================================================
Timing constraint: COMP "out" OFFSET = OUT 10 ns AFTER COMP "clk";
For more information, see Offset Out Analysis in the Timing Closure User Guide (UG612).

 1 path analyzed, 1 endpoint analyzed, 0 failing endpoints
 0 timing errors detected.
 Minimum allowable offset is   8.497ns.
--------------------------------------------------------------------------------

Paths for end point out (L17.PAD), 1 path
--------------------------------------------------------------------------------
Slack (slowest paths):  1.503ns (requirement - (clock arrival + clock path + data path + uncertainty))
  Source:               genblock[255].ri/out (FF)
  Destination:          out (PAD)
  Source Clock:         raw_clk_OBUF rising at 0.000ns
  Requirement:          10.000ns
  Data Path Delay:      5.559ns (Levels of Logic = 1)
  Clock Path Delay:     2.938ns (Levels of Logic = 2)
  Clock Uncertainty:    0.000ns

  Maximum Clock Path: clk to genblock[255].ri/out
    Location             Delay type         Delay(ns)  Physical Resource
                                                       Logical Resource(s)
    -------------------------------------------------  -------------------
    B8.I                 Tiopi                 1.300   clk
                                                       clk
                                                       clk_IBUF
    BUFGMUX_X2Y11.I0     net (fanout=2)        0.046   raw_clk_OBUF1
    BUFGMUX_X2Y11.O      Tgi0o                 1.457   raw_clk_OBUF_BUFG
                                                       raw_clk_OBUF_BUFG.GCLKMUX
                                                       raw_clk_OBUF_BUFG
    SLICE_X54Y58.CLK     net (fanout=8)        0.135   raw_clk_OBUF
    -------------------------------------------------  ---------------------------
    Total                                      2.938ns (2.757ns logic, 0.181ns route)
                                                       (93.8% logic, 6.2% route)

  Maximum Data Path: genblock[255].ri/out to out
    Location             Delay type         Delay(ns)  Physical Resource
                                                       Logical Resource(s)
    -------------------------------------------------  -------------------
    SLICE_X54Y58.XQ      Tcko                  0.592   genblock[255].ri/out
                                                       genblock[255].ri/out
    L17.O1               net (fanout=1)        1.719   genblock[255].ri/out
    L17.PAD              Tioop                 3.248   out
                                                       out_OBUF
                                                       out
    -------------------------------------------------  ---------------------------
    Total                                      5.559ns (3.840ns logic, 1.719ns route)
                                                       (69.1% logic, 30.9% route)

--------------------------------------------------------------------------------

Fastest Paths: COMP "out" OFFSET = OUT 10 ns AFTER COMP "clk";
--------------------------------------------------------------------------------

Paths for end point out (L17.PAD), 1 path
--------------------------------------------------------------------------------
Delay (fastest paths):  6.940ns (clock arrival + clock path + data path - uncertainty)
  Source:               genblock[255].ri/out (FF)
  Destination:          out (PAD)
  Source Clock:         raw_clk_OBUF rising at 0.000ns
  Data Path Delay:      4.583ns (Levels of Logic = 1)
  Clock Path Delay:     2.357ns (Levels of Logic = 2)
  Clock Uncertainty:    0.000ns

  Minimum Clock Path: clk to genblock[255].ri/out
    Location             Delay type         Delay(ns)  Physical Resource
                                                       Logical Resource(s)
    -------------------------------------------------  -------------------
    B8.I                 Tiopi                 1.040   clk
                                                       clk
                                                       clk_IBUF
    BUFGMUX_X2Y11.I0     net (fanout=2)        0.036   raw_clk_OBUF1
    BUFGMUX_X2Y11.O      Tgi0o                 1.166   raw_clk_OBUF_BUFG
                                                       raw_clk_OBUF_BUFG.GCLKMUX
                                                       raw_clk_OBUF_BUFG
    SLICE_X54Y58.CLK     net (fanout=8)        0.115   raw_clk_OBUF
    -------------------------------------------------  ---------------------------
    Total                                      2.357ns (2.206ns logic, 0.151ns route)
                                                       (93.6% logic, 6.4% route)

  Minimum Data Path: genblock[255].ri/out to out
    Location             Delay type         Delay(ns)  Physical Resource
                                                       Logical Resource(s)
    -------------------------------------------------  -------------------
    SLICE_X54Y58.XQ      Tcko                  0.474   genblock[255].ri/out
                                                       genblock[255].ri/out
    L17.O1               net (fanout=1)        1.375   genblock[255].ri/out
    L17.PAD              Tioop                 2.734   out
                                                       out_OBUF
                                                       out
    -------------------------------------------------  ---------------------------
    Total                                      4.583ns (3.208ns logic, 1.375ns route)
                                                       (70.0% logic, 30.0% route)

--------------------------------------------------------------------------------


All constraints were met.


Data Sheet report:
-----------------
All values displayed in nanoseconds (ns)

Setup/Hold to clock clk
------------+------------+------------+------------------+--------+
            |Max Setup to|Max Hold to |                  | Clock  |
Source      | clk (edge) | clk (edge) |Internal Clock(s) | Phase  |
------------+------------+------------+------------------+--------+
in          |    6.631(R)|   -3.761(R)|raw_clk_OBUF      |   0.000|
------------+------------+------------+------------------+--------+

Clock clk to Pad
------------+------------+------------------+--------+
            | clk (edge) |                  | Clock  |
Destination |   to PAD   |Internal Clock(s) | Phase  |
------------+------------+------------------+--------+
out         |    8.497(R)|raw_clk_OBUF      |   0.000|
------------+------------+------------------+--------+

Clock to Setup on destination clock clk
---------------+---------+---------+---------+---------+
               | Src:Rise| Src:Fall| Src:Rise| Src:Fall|
Source Clock   |Dest:Rise|Dest:Rise|Dest:Fall|Dest:Fall|
---------------+---------+---------+---------+---------+
clk            |    5.882|         |         |         |
---------------+---------+---------+---------+---------+

COMP "in" OFFSET = IN 10 ns VALID 10 ns BEFORE COMP "clk" "RISING";
Worst Case Data Window 2.870; Ideal Clock Offset To Actual Clock 0.196; 
------------------+------------+------------+---------+---------+-------------+
                  |            |            |  Setup  |  Hold   |Source Offset|
Source            |   Setup    |    Hold    |  Slack  |  Slack  |  To Center  |
------------------+------------+------------+---------+---------+-------------+
in                |    6.631(R)|   -3.761(R)|    3.369|    3.761|       -0.196|
------------------+------------+------------+---------+---------+-------------+
Worst Case Summary|       6.631|      -3.761|    3.369|    3.761|             |
------------------+------------+------------+---------+---------+-------------+

COMP "out" OFFSET = OUT 10 ns AFTER COMP "clk";
Bus Skew: 0.000 ns; 
-----------------------------------------------+-------------+--------------+
PAD                                            | Delay (ns)  |Edge Skew (ns)|
-----------------------------------------------+-------------+--------------+
out                                            |        8.497|         0.000|
-----------------------------------------------+-------------+--------------+


Timing summary:
---------------

Timing errors: 0  Score: 0  (Setup/Max: 0, Hold: 0)

Constraints cover 9 paths, 0 nets, and 18 connections

Design statistics:
   Minimum period:   5.882ns{1}   (Maximum frequency: 170.010MHz)
   Minimum input required time before clock:   6.631ns
   Minimum output required time after clock:   8.497ns


------------------------------------Footnotes-----------------------------------
1)  The minimum period statistic assumes all single cycle delays.

Analysis completed Tue Sep 12 22:47:53 2023 
--------------------------------------------------------------------------------

Trace Settings:
-------------------------
Trace Settings 

Peak Memory Usage: 359 MB



