Release 14.7 - ngc2edif P.20131013 (lin64)
Copyright (c) 1995-2013 Xilinx, Inc.  All rights reserved.
Reading design top_module.ngc ...
WARNING:NetListWriters:298 - No output is written to top_module.xncf, ignored.
Processing design ...
   Preping design's networks ...
   Preping design's macros ...
  finished :Prep
Writing EDIF netlist file top_module.edif ...
ngc2edif: Total memory usage is 103920 kilobytes

Release 14.7 - ngc2edif P.20131013 (lin64)
Copyright (c) 1995-2013 Xilinx, Inc.  All rights reserved.
Reading design top_module.ngc ...
WARNING:NetListWriters:298 - No output is written to top_module.xncf, ignored.
Processing design ...
   Preping design's networks ...
   Preping design's macros ...
  finished :Prep
Writing EDIF netlist file top_module.edif ...
ngc2edif: Total memory usage is 103920 kilobytes

Release 14.7 - ngc2edif P.20131013 (lin64)
Copyright (c) 1995-2013 Xilinx, Inc.  All rights reserved.
Reading design top_module.ngc ...
WARNING:NetListWriters:298 - No output is written to top_module.xncf, ignored.
Processing design ...
   Preping design's networks ...
   Preping design's macros ...
  finished :Prep
Writing EDIF netlist file top_module.edif ...
ngc2edif: Total memory usage is 103928 kilobytes

Release 14.7 - ngc2edif P.20131013 (lin64)
Copyright (c) 1995-2013 Xilinx, Inc.  All rights reserved.
Reading design top_module.ngc ...
WARNING:NetListWriters:298 - No output is written to top_module.xncf, ignored.
Processing design ...
   Preping design's networks ...
   Preping design's macros ...
  finished :Prep
Writing EDIF netlist file top_module.edif ...
ngc2edif: Total memory usage is 103920 kilobytes

