Release 14.7 - xst P.20131013 (lin64)
Copyright (c) 1995-2013 Xilinx, Inc.  All rights reserved.
--> 
Parameter TMPDIR set to xst/projnav.tmp


Total REAL time to Xst completion: 0.00 secs
Total CPU time to Xst completion: 0.04 secs
 
--> 
Parameter xsthdpdir set to xst


Total REAL time to Xst completion: 0.00 secs
Total CPU time to Xst completion: 0.05 secs
 
--> 
Reading design: Nregs_internal_clock.prj

TABLE OF CONTENTS
  1) Synthesis Options Summary
  2) HDL Compilation
  3) Design Hierarchy Analysis
  4) HDL Analysis
  5) HDL Synthesis
     5.1) HDL Synthesis Report
  6) Advanced HDL Synthesis
     6.1) Advanced HDL Synthesis Report
  7) Low Level Synthesis
  8) Partition Report
  9) Final Report
	9.1) Device utilization summary
	9.2) Partition Resource Summary
	9.3) TIMING REPORT


=========================================================================
*                      Synthesis Options Summary                        *
=========================================================================
---- Source Parameters
Input File Name                    : "Nregs_internal_clock.prj"
Input Format                       : mixed
Ignore Synthesis Constraint File   : NO

---- Target Parameters
Output File Name                   : "Nregs_internal_clock"
Output Format                      : NGC
Target Device                      : xc3s500e-4-fg320

---- Source Options
Top Module Name                    : Nregs_internal_clock
Automatic FSM Extraction           : YES
FSM Encoding Algorithm             : Auto
Safe Implementation                : No
FSM Style                          : LUT
RAM Extraction                     : Yes
RAM Style                          : Auto
ROM Extraction                     : Yes
Mux Style                          : Auto
Decoder Extraction                 : YES
Priority Encoder Extraction        : Yes
Shift Register Extraction          : YES
Logical Shifter Extraction         : YES
XOR Collapsing                     : YES
ROM Style                          : Auto
Mux Extraction                     : Yes
Resource Sharing                   : YES
Asynchronous To Synchronous        : NO
Multiplier Style                   : Auto
Automatic Register Balancing       : No

---- Target Options
Add IO Buffers                     : YES
Global Maximum Fanout              : 100000
Add Generic Clock Buffer(BUFG)     : 24
Register Duplication               : YES
Slice Packing                      : YES
Optimize Instantiated Primitives   : NO
Use Clock Enable                   : Yes
Use Synchronous Set                : Yes
Use Synchronous Reset              : Yes
Pack IO Registers into IOBs        : Auto
Equivalent register Removal        : YES

---- General Options
Optimization Goal                  : Speed
Optimization Effort                : 1
Keep Hierarchy                     : No
Netlist Hierarchy                  : As_Optimized
RTL Output                         : Yes
Global Optimization                : AllClockNets
Read Cores                         : YES
Write Timing Constraints           : NO
Cross Clock Analysis               : NO
Hierarchy Separator                : /
Bus Delimiter                      : <>
Case Specifier                     : Maintain
Slice Utilization Ratio            : 100
BRAM Utilization Ratio             : 100
Verilog 2001                       : YES
Auto BRAM Packing                  : NO
Slice Utilization Ratio Delta      : 5

=========================================================================


=========================================================================
*                          HDL Compilation                              *
=========================================================================
Compiling verilog file "register.v" in library work
Compiling verilog file "Nreg_internal_clock.v" in library work
Module <register> compiled
Compiling verilog file "Nregs_internal_clock.v" in library work
Module <Nreg_internal_clock> compiled
Module <Nregs_internal_clock> compiled
No errors in compilation
Analysis of file <"Nregs_internal_clock.prj"> succeeded.
 

=========================================================================
*                     Design Hierarchy Analysis                         *
=========================================================================
Analyzing hierarchy for module <Nregs_internal_clock> in library <work> with parameters.
	M = "00000000000000000000000010100100"

Analyzing hierarchy for module <Nreg_internal_clock> in library <work> with parameters.
	N = "00000000000000000000000100000000"

Analyzing hierarchy for module <register> in library <work>.


=========================================================================
*                            HDL Analysis                               *
=========================================================================
Analyzing top module <Nregs_internal_clock>.
	M = 32'sb00000000000000000000000010100100
Module <Nregs_internal_clock> is correct for synthesis.
 
Analyzing module <Nreg_internal_clock> in library <work>.
	N = 32'sb00000000000000000000000100000000
Module <Nreg_internal_clock> is correct for synthesis.
 
Analyzing module <register> in library <work>.
Module <register> is correct for synthesis.
 

=========================================================================
*                           HDL Synthesis                               *
=========================================================================

Performing bidirectional port resolution...

Synthesizing Unit <register>.
    Related source file is "register.v".
    Found 1-bit register for signal <out>.
    Summary:
	inferred   1 D-type flip-flop(s).
Unit <register> synthesized.


Synthesizing Unit <Nreg_internal_clock>.
    Related source file is "Nreg_internal_clock.v".
Unit <Nreg_internal_clock> synthesized.


Synthesizing Unit <Nregs_internal_clock>.
    Related source file is "Nregs_internal_clock.v".
Unit <Nregs_internal_clock> synthesized.


=========================================================================
HDL Synthesis Report

Macro Statistics
# Registers                                            : 41984
 1-bit register                                        : 41984

=========================================================================

=========================================================================
*                       Advanced HDL Synthesis                          *
=========================================================================


=========================================================================
Advanced HDL Synthesis Report

Macro Statistics
# Registers                                            : 41984
 Flip-Flops                                            : 41984

=========================================================================

=========================================================================
*                         Low Level Synthesis                           *
=========================================================================

Optimizing unit <Nregs_internal_clock> ...

Optimizing unit <Nreg_internal_clock> ...

Mapping all equations...
Building and optimizing final netlist ...
Found area constraint ratio of 100 (+ 5) on block Nregs_internal_clock, actual ratio is 457.
Optimizing block <Nregs_internal_clock> to meet ratio 100 (+ 5) of 4656 slices :
WARNING:Xst:2254 - Area constraint could not be met for block <Nregs_internal_clock>, final ratio is 457.

Final Macro Processing ...
