#-----------------------------------------------------------
# PlanAhead v14.7 (64-bit)
# Build 321239 by xbuild on Fri Sep 27 19:24:36 MDT 2013
# Start of session at: Fri Apr 28 14:49:12 2023
# Process ID: 3508
# Log file: /home/ise/signal_debug/planAhead_run_3/planAhead.log
# Journal file: /home/ise/signal_debug/planAhead_run_3/planAhead.jou
#-----------------------------------------------------------
INFO: [Common 17-78] Attempting to get a license: PlanAhead
INFO: [Common 17-290] Got license for PlanAhead
INFO: [Common 17-86] Your PlanAhead license expires in -2189 day(s)
INFO: [Device 21-36] Loading parts and site information from /opt/Xilinx/14.7/ISE_DS/PlanAhead/data/parts/arch.xml
Parsing RTL primitives file [/opt/Xilinx/14.7/ISE_DS/PlanAhead/data/parts/xilinx/rtl/prims/rtl_prims.xml]
Finished parsing RTL primitives file [/opt/Xilinx/14.7/ISE_DS/PlanAhead/data/parts/xilinx/rtl/prims/rtl_prims.xml]
start_gui
source /home/ise/signal_debug/pa.fromNetlist.tcl
# create_project -name signal_debug -dir "/home/ise/signal_debug/planAhead_run_3" -part xc3s500efg320-4
ERROR: [Common 17-53] User Exception: Project already exists on disk, please use '-force' option to overwrite: 
     /home/ise/signal_debug/planAhead_run_3/signal_debug.ppr
     /home/ise/signal_debug/planAhead_run_3/signal_debug.data

    while executing
"create_project -name signal_debug -dir "/home/ise/signal_debug/planAhead_run_3" -part xc3s500efg320-4"
    (file "/home/ise/signal_debug/pa.fromNetlist.tcl" line 4)
exit
INFO: [Common 17-206] Exiting PlanAhead at Fri Apr 28 14:49:38 2023...
INFO: [Common 17-83] Releasing license: PlanAhead
