Release 14.7 - ngc2edif P.20131013 (lin64)
Copyright (c) 1995-2013 Xilinx, Inc.  All rights reserved.
Reading design on_signal.ngc ...
WARNING:NetListWriters:298 - No output is written to on_signal.xncf, ignored.
Processing design ...
   Preping design's networks ...
   Preping design's macros ...
  finished :Prep
Writing EDIF netlist file on_signal.edif ...
ngc2edif: Total memory usage is 103884 kilobytes

Release 14.7 - ngc2edif P.20131013 (lin64)
Copyright (c) 1995-2013 Xilinx, Inc.  All rights reserved.
Reading design on_signal.ngc ...
WARNING:NetListWriters:298 - No output is written to on_signal.xncf, ignored.
Processing design ...
   Preping design's networks ...
   Preping design's macros ...
  finished :Prep
Writing EDIF netlist file on_signal.edif ...
ngc2edif: Total memory usage is 103888 kilobytes

