Release 14.7 - xst P.20131013 (lin64)
Copyright (c) 1995-2013 Xilinx, Inc.  All rights reserved.
--> 
Parameter TMPDIR set to xst/projnav.tmp


Total REAL time to Xst completion: 0.00 secs
Total CPU time to Xst completion: 0.04 secs
 
--> 
Parameter xsthdpdir set to xst


Total REAL time to Xst completion: 0.00 secs
Total CPU time to Xst completion: 0.04 secs
 
--> 
Reading design: top_counter.prj

TABLE OF CONTENTS
  1) Synthesis Options Summary
  2) HDL Compilation
  3) Design Hierarchy Analysis
  4) HDL Analysis
  5) HDL Synthesis
     5.1) HDL Synthesis Report
  6) Advanced HDL Synthesis
     6.1) Advanced HDL Synthesis Report
  7) Low Level Synthesis
  8) Partition Report
  9) Final Report
	9.1) Device utilization summary
	9.2) Partition Resource Summary
	9.3) TIMING REPORT


=========================================================================
*                      Synthesis Options Summary                        *
=========================================================================
---- Source Parameters
Input File Name                    : "top_counter.prj"
Input Format                       : mixed
Ignore Synthesis Constraint File   : NO

---- Target Parameters
Output File Name                   : "top_counter"
Output Format                      : NGC
Target Device                      : xc3s500e-5-fg320

---- Source Options
Top Module Name                    : top_counter
Automatic FSM Extraction           : YES
FSM Encoding Algorithm             : Auto
Safe Implementation                : No
FSM Style                          : LUT
RAM Extraction                     : Yes
RAM Style                          : Auto
ROM Extraction                     : Yes
Mux Style                          : Auto
Decoder Extraction                 : YES
Priority Encoder Extraction        : Yes
Shift Register Extraction          : YES
Logical Shifter Extraction         : YES
XOR Collapsing                     : YES
ROM Style                          : Auto
Mux Extraction                     : Yes
Resource Sharing                   : YES
Asynchronous To Synchronous        : NO
Multiplier Style                   : Auto
Automatic Register Balancing       : No

---- Target Options
Add IO Buffers                     : YES
Global Maximum Fanout              : 100000
Add Generic Clock Buffer(BUFG)     : 24
Register Duplication               : YES
Slice Packing                      : YES
Optimize Instantiated Primitives   : NO
Use Clock Enable                   : Yes
Use Synchronous Set                : Yes
Use Synchronous Reset              : Yes
Pack IO Registers into IOBs        : Auto
Equivalent register Removal        : YES

---- General Options
Optimization Goal                  : Speed
Optimization Effort                : 1
Keep Hierarchy                     : No
Netlist Hierarchy                  : As_Optimized
RTL Output                         : Yes
Global Optimization                : AllClockNets
Read Cores                         : YES
Write Timing Constraints           : NO
Cross Clock Analysis               : NO
Hierarchy Separator                : /
Bus Delimiter                      : <>
Case Specifier                     : Maintain
Slice Utilization Ratio            : 100
BRAM Utilization Ratio             : 100
Verilog 2001                       : YES
Auto BRAM Packing                  : NO
Slice Utilization Ratio Delta      : 5

=========================================================================


=========================================================================
*                          HDL Compilation                              *
=========================================================================
Compiling verilog file "counter.v" in library work
Compiling verilog file "top_counter.v" in library work
Module <counter> compiled
Module <top_counter> compiled
No errors in compilation
Analysis of file <"top_counter.prj"> succeeded.
 

=========================================================================
*                     Design Hierarchy Analysis                         *
=========================================================================
Analyzing hierarchy for module <top_counter> in library <work> with parameters.
	Nbits = "00000000000000000000000000000100"
	nclks_high = "00000000000000000000000000000101"
	nclks_total = "00000000000000000000000000001010"

Analyzing hierarchy for module <counter> in library <work> with parameters.
	Nbits = "00000000000000000000000000000100"
	nclks_total = "00000000000000000000000000001010"


=========================================================================
*                            HDL Analysis                               *
=========================================================================
Analyzing top module <top_counter>.
	Nbits = 32'sb00000000000000000000000000000100
	nclks_high = 32'sb00000000000000000000000000000101
	nclks_total = 32'sb00000000000000000000000000001010
Module <top_counter> is correct for synthesis.
 
Analyzing module <counter> in library <work>.
	Nbits = 32'sb00000000000000000000000000000100
	nclks_total = 32'sb00000000000000000000000000001010
Module <counter> is correct for synthesis.
 

=========================================================================
*                           HDL Synthesis                               *
=========================================================================

Performing bidirectional port resolution...

Synthesizing Unit <counter>.
    Related source file is "counter.v".
    Found 4-bit up counter for signal <counter_out>.
    Summary:
	inferred   1 Counter(s).
Unit <counter> synthesized.


Synthesizing Unit <top_counter>.
    Related source file is "top_counter.v".
    Found 1-bit register for signal <out_clk>.
    Found 4-bit register for signal <n_clocks>.
    Found 4-bit comparator less for signal <out_clk$cmp_lt0000> created at line 41.
    Summary:
	inferred   5 D-type flip-flop(s).
	inferred   1 Comparator(s).
Unit <top_counter> synthesized.


=========================================================================
HDL Synthesis Report

Macro Statistics
# Counters                                             : 1
 4-bit up counter                                      : 1
# Registers                                            : 2
 1-bit register                                        : 1
 4-bit register                                        : 1
# Comparators                                          : 1
 4-bit comparator less                                 : 1

=========================================================================

=========================================================================
*                       Advanced HDL Synthesis                          *
=========================================================================


=========================================================================
Advanced HDL Synthesis Report

Macro Statistics
# Counters                                             : 1
 4-bit up counter                                      : 1
# Registers                                            : 5
 Flip-Flops                                            : 5
# Comparators                                          : 1
 4-bit comparator less                                 : 1

=========================================================================

=========================================================================
*                         Low Level Synthesis                           *
=========================================================================

Optimizing unit <top_counter> ...

Mapping all equations...
Building and optimizing final netlist ...
Found area constraint ratio of 100 (+ 5) on block top_counter, actual ratio is 0.

Final Macro Processing ...

=========================================================================
Final Register Report

Macro Statistics
# Registers                                            : 9
 Flip-Flops                                            : 9

=========================================================================

=========================================================================
*                           Partition Report                            *
=========================================================================

Partition Implementation Status
-------------------------------

  No Partitions were found in this design.

-------------------------------

=========================================================================
*                            Final Report                               *
=========================================================================
Final Results
RTL Top Level Output File Name     : top_counter.ngr
Top Level Output File Name         : top_counter
Output Format                      : NGC
Optimization Goal                  : Speed
Keep Hierarchy                     : No

Design Statistics
# IOs                              : 2

Cell Usage :
# BELS                             : 7
#      INV                         : 1
#      LUT2                        : 1
#      LUT3                        : 1
#      LUT4                        : 3
#      VCC                         : 1
# FlipFlops/Latches                : 9
#      FD                          : 4
#      FDR                         : 5
# Clock Buffers                    : 1
#      BUFGP                       : 1
# IO Buffers                       : 1
#      OBUF                        : 1
=========================================================================

Device utilization summary:
---------------------------

Selected Device : 3s500efg320-5 

 Number of Slices:                        6  out of   4656     0%  
 Number of Slice Flip Flops:              9  out of   9312     0%  
 Number of 4 input LUTs:                  6  out of   9312     0%  
 Number of IOs:                           2
 Number of bonded IOBs:                   2  out of    232     0%  
 Number of GCLKs:                         1  out of     24     4%  

---------------------------
Partition Resource Summary:
---------------------------

  No Partitions were found in this design.

---------------------------


=========================================================================
TIMING REPORT

NOTE: THESE TIMING NUMBERS ARE ONLY A SYNTHESIS ESTIMATE.
      FOR ACCURATE TIMING INFORMATION PLEASE REFER TO THE TRACE REPORT
      GENERATED AFTER PLACE-and-ROUTE.

Clock Information:
------------------
-----------------------------------+------------------------+-------+
Clock Signal                       | Clock buffer(FF name)  | Load  |
-----------------------------------+------------------------+-------+
clk                                | BUFGP                  | 9     |
-----------------------------------+------------------------+-------+

Asynchronous Control Signals Information:
----------------------------------------
No asynchronous control signals found in this design

Timing Summary:
---------------
Speed Grade: -5

   Minimum period: 3.023ns (Maximum Frequency: 330.764MHz)
   Minimum input arrival time before clock: No path found
   Maximum output required time after clock: 4.040ns
   Maximum combinational path delay: No path found

Timing Detail:
--------------
All values displayed in nanoseconds (ns)

=========================================================================
Timing constraint: Default period analysis for Clock 'clk'
  Clock period: 3.023ns (frequency: 330.764MHz)
  Total number of paths / destination ports: 34 / 13
-------------------------------------------------------------------------
Delay:               3.023ns (Levels of Logic = 1)
  Source:            PPS_counter/counter_out_3 (FF)
  Destination:       PPS_counter/counter_out_0 (FF)
  Source Clock:      clk rising
  Destination Clock: clk rising

  Data Path: PPS_counter/counter_out_3 to PPS_counter/counter_out_0
                                Gate     Net
    Cell:in->out      fanout   Delay   Delay  Logical Name (Net Name)
    ----------------------------------------  ------------
     FDR:C->Q              3   0.514   0.603  PPS_counter/counter_out_3 (PPS_counter/counter_out_3)
     LUT4:I0->O            4   0.612   0.499  PPS_counter/counter_out_cmp_eq00001 (PPS_counter/counter_out_cmp_eq0000)
     FDR:R                     0.795          PPS_counter/counter_out_0
    ----------------------------------------
    Total                      3.023ns (1.921ns logic, 1.102ns route)
                                       (63.5% logic, 36.5% route)

=========================================================================
Timing constraint: Default OFFSET OUT AFTER for Clock 'clk'
  Total number of paths / destination ports: 1 / 1
-------------------------------------------------------------------------
Offset:              4.040ns (Levels of Logic = 1)
  Source:            out_clk (FF)
  Destination:       out_clk (PAD)
  Source Clock:      clk rising

  Data Path: out_clk to out_clk
                                Gate     Net
    Cell:in->out      fanout   Delay   Delay  Logical Name (Net Name)
    ----------------------------------------  ------------
     FDR:C->Q              1   0.514   0.357  out_clk (out_clk_OBUF)
     OBUF:I->O                 3.169          out_clk_OBUF (out_clk)
    ----------------------------------------
    Total                      4.040ns (3.683ns logic, 0.357ns route)
                                       (91.2% logic, 8.8% route)

=========================================================================


Total REAL time to Xst completion: 3.00 secs
Total CPU time to Xst completion: 2.74 secs
 
--> 


Total memory usage is 606780 kilobytes

Number of errors   :    0 (   0 filtered)
Number of warnings :    0 (   0 filtered)
Number of infos    :    0 (   0 filtered)

