#-----------------------------------------------------------
# PlanAhead v14.7 (64-bit)
# Build 321239 by xbuild on Fri Sep 27 19:24:36 MDT 2013
# Start of session at: Wed Aug  9 21:19:36 2023
# Process ID: 6670
# Log file: /home/ise/register256_buffer/planAhead_run_2/planAhead.log
# Journal file: /home/ise/register256_buffer/planAhead_run_2/planAhead.jou
#-----------------------------------------------------------
INFO: [Common 17-78] Attempting to get a license: PlanAhead
INFO: [Common 17-290] Got license for PlanAhead
INFO: [Common 17-86] Your PlanAhead license expires in -2292 day(s)
INFO: [Device 21-36] Loading parts and site information from /opt/Xilinx/14.7/ISE_DS/PlanAhead/data/parts/arch.xml
Parsing RTL primitives file [/opt/Xilinx/14.7/ISE_DS/PlanAhead/data/parts/xilinx/rtl/prims/rtl_prims.xml]
Finished parsing RTL primitives file [/opt/Xilinx/14.7/ISE_DS/PlanAhead/data/parts/xilinx/rtl/prims/rtl_prims.xml]
start_gui
source /home/ise/register256_buffer/pa.fromNcd.tcl
# create_project -name register256_buffer -dir "/home/ise/register256_buffer/planAhead_run_2" -part xc3s500efg320-4
ERROR: [Common 17-53] User Exception: Project already exists on disk, please use '-force' option to overwrite: 
     /home/ise/register256_buffer/planAhead_run_2/register256_buffer.ppr
     /home/ise/register256_buffer/planAhead_run_2/register256_buffer.data

    while executing
"create_project -name register256_buffer -dir "/home/ise/register256_buffer/planAhead_run_2" -part xc3s500efg320-4"
    (file "/home/ise/register256_buffer/pa.fromNcd.tcl" line 4)
exit
INFO: [Common 17-206] Exiting PlanAhead at Wed Aug  9 21:20:14 2023...
INFO: [Common 17-83] Releasing license: PlanAhead
