Release 14.7 - ngc2edif P.20131013 (lin64)
Copyright (c) 1995-2013 Xilinx, Inc.  All rights reserved.
Reading design PPS_generator.ngc ...
WARNING:NetListWriters:298 - No output is written to PPS_generator.xncf,
   ignored.
Processing design ...
   Preping design's networks ...
   Preping design's macros ...
  finished :Prep
Writing EDIF netlist file PPS_generator.edif ...
ngc2edif: Total memory usage is 104116 kilobytes

Release 14.7 - ngc2edif P.20131013 (lin64)
Copyright (c) 1995-2013 Xilinx, Inc.  All rights reserved.
Reading design PPS_generator.ngc ...
WARNING:NetListWriters:298 - No output is written to PPS_generator.xncf,
   ignored.
Processing design ...
   Preping design's networks ...
   Preping design's macros ...
  finished :Prep
Writing EDIF netlist file PPS_generator.edif ...
ngc2edif: Total memory usage is 104100 kilobytes

